<?xml version="1.0" encoding="UTF-8"?>
<coverage generated="1749476817512" clover="3.2.0">
  <project timestamp="1749476817513" name="All files">
    <metrics statements="43" coveredstatements="38" conditionals="69" coveredconditionals="42" methods="5" coveredmethods="5" elements="117" coveredelements="85" complexity="0" loc="43" ncloc="43" packages="1" files="1" classes="1"/>
    <file name="has-required-problem-details-error-responses.ts" path="/Users/collinsobasuyi/Documents/githubDir/api-guidelines/src/functions/has-required-problem-details-error-responses.ts">
      <metrics statements="43" coveredstatements="38" conditionals="69" coveredconditionals="42" methods="5" coveredmethods="5"/>
      <line num="29" count="1" type="stmt"/>
      <line num="30" count="1" type="stmt"/>
      <line num="65" count="15" type="stmt"/>
      <line num="66" count="15" type="cond" truecount="3" falsecount="1"/>
      <line num="67" count="15" type="cond" truecount="2" falsecount="0"/>
      <line num="68" count="7" type="stmt"/>
      <line num="71" count="8" type="cond" truecount="7" falsecount="3"/>
      <line num="74" count="8" type="cond" truecount="1" falsecount="1"/>
      <line num="75" count="0" type="stmt"/>
      <line num="76" count="8" type="cond" truecount="3" falsecount="0"/>
      <line num="77" count="1" type="stmt"/>
      <line num="81" count="15" type="cond" truecount="2" falsecount="0"/>
      <line num="87" count="1" type="stmt"/>
      <line num="92" count="6" type="cond" truecount="0" falsecount="1"/>
      <line num="93" count="6" type="cond" truecount="6" falsecount="2"/>
      <line num="94" count="6" type="cond" truecount="2" falsecount="0"/>
      <line num="95" count="6" type="cond" truecount="4" falsecount="2"/>
      <line num="96" count="6" type="stmt"/>
      <line num="97" count="6" type="cond" truecount="3" falsecount="1"/>
      <line num="99" count="6" type="stmt"/>
      <line num="100" count="6" type="stmt"/>
      <line num="102" count="6" type="cond" truecount="1" falsecount="0"/>
      <line num="103" count="3" type="stmt"/>
      <line num="104" count="3" type="stmt"/>
      <line num="107" count="6" type="cond" truecount="1" falsecount="0"/>
      <line num="108" count="3" type="cond" truecount="5" falsecount="0"/>
      <line num="109" count="3" type="stmt"/>
      <line num="110" count="3" type="stmt"/>
      <line num="114" count="6" type="cond" truecount="0" falsecount="1"/>
      <line num="116" count="0" type="cond" truecount="0" falsecount="4"/>
      <line num="118" count="0" type="cond" truecount="0" falsecount="1"/>
      <line num="119" count="0" type="stmt"/>
      <line num="120" count="0" type="stmt"/>
      <line num="124" count="6" type="cond" truecount="0" falsecount="1"/>
      <line num="126" count="6" type="stmt"/>
      <line num="127" count="15" type="stmt"/>
      <line num="128" count="15" type="stmt"/>
      <line num="130" count="6" type="cond" truecount="1" falsecount="0"/>
      <line num="132" count="5" type="cond" truecount="1" falsecount="1"/>
      <line num="133" count="5" type="stmt"/>
      <line num="134" count="8" type="stmt"/>
      <line num="137" count="5" type="stmt"/>
      <line num="147" count="1" type="stmt"/>
    </file>
  </project>
</coverage>
