<?xml version="1.0" encoding="UTF-8"?>
<coverage generated="1749553514413" clover="3.2.0">
  <project timestamp="1749553514413" name="All files">
    <metrics statements="45" coveredstatements="45" conditionals="73" coveredconditionals="62" methods="5" coveredmethods="5" elements="123" coveredelements="112" complexity="0" loc="45" ncloc="45" packages="1" files="1" classes="1"/>
    <file name="has-required-problem-details-error-responses.ts" path="/Users/collinsobasuyi/Documents/githubDir/api-guidelines/src/functions/has-required-problem-details-error-responses.ts">
      <metrics statements="45" coveredstatements="45" conditionals="73" coveredconditionals="62" methods="5" coveredmethods="5"/>
      <line num="29" count="1" type="stmt"/>
      <line num="30" count="1" type="stmt"/>
      <line num="65" count="33" type="stmt"/>
      <line num="66" count="33" type="cond" truecount="3" falsecount="1"/>
      <line num="67" count="33" type="cond" truecount="2" falsecount="0"/>
      <line num="68" count="13" type="stmt"/>
      <line num="71" count="20" type="cond" truecount="9" falsecount="1"/>
      <line num="74" count="20" type="cond" truecount="2" falsecount="0"/>
      <line num="75" count="7" type="stmt"/>
      <line num="76" count="13" type="cond" truecount="3" falsecount="0"/>
      <line num="77" count="4" type="stmt"/>
      <line num="81" count="33" type="cond" truecount="2" falsecount="0"/>
      <line num="87" count="1" type="stmt"/>
      <line num="92" count="14" type="cond" truecount="1" falsecount="0"/>
      <line num="93" count="14" type="cond" truecount="6" falsecount="2"/>
      <line num="94" count="14" type="cond" truecount="2" falsecount="0"/>
      <line num="95" count="14" type="cond" truecount="4" falsecount="2"/>
      <line num="96" count="14" type="stmt"/>
      <line num="97" count="14" type="cond" truecount="3" falsecount="1"/>
      <line num="99" count="14" type="stmt"/>
      <line num="100" count="14" type="stmt"/>
      <line num="102" count="14" type="cond" truecount="1" falsecount="0"/>
      <line num="103" count="9" type="stmt"/>
      <line num="104" count="9" type="stmt"/>
      <line num="107" count="14" type="cond" truecount="1" falsecount="0"/>
      <line num="108" count="3" type="cond" truecount="2" falsecount="0"/>
      <line num="109" count="3" type="cond" truecount="2" falsecount="0"/>
      <line num="110" count="3" type="cond" truecount="3" falsecount="2"/>
      <line num="111" count="2" type="stmt"/>
      <line num="112" count="2" type="stmt"/>
      <line num="116" count="14" type="cond" truecount="1" falsecount="0"/>
      <line num="118" count="1" type="cond" truecount="4" falsecount="0"/>
      <line num="120" count="1" type="cond" truecount="1" falsecount="0"/>
      <line num="121" count="1" type="stmt"/>
      <line num="122" count="1" type="stmt"/>
      <line num="126" count="14" type="cond" truecount="1" falsecount="0"/>
      <line num="128" count="12" type="stmt"/>
      <line num="129" count="33" type="stmt"/>
      <line num="130" count="33" type="stmt"/>
      <line num="132" count="12" type="cond" truecount="1" falsecount="0"/>
      <line num="134" count="10" type="cond" truecount="1" falsecount="1"/>
      <line num="135" count="10" type="stmt"/>
      <line num="136" count="24" type="stmt"/>
      <line num="139" count="10" type="stmt"/>
      <line num="149" count="1" type="stmt"/>
    </file>
  </project>
</coverage>
