{"/Users/collinsobasuyi/Documents/githubDir/api-guidelines/src/functions/has-required-problem-details-error-responses.ts": {"path":"/Users/collinsobasuyi/Documents/githubDir/api-guidelines/src/functions/has-required-problem-details-error-responses.ts","statementMap":{"0":{"start":{"line":29,"column":24},"end":{"line":29,"column":54}},"1":{"start":{"line":30,"column":28},"end":{"line":30,"column":51}},"2":{"start":{"line":65,"column":27},"end":{"line":65,"column":29}},"3":{"start":{"line":66,"column":19},"end":{"line":66,"column":36}},"4":{"start":{"line":67,"column":2},"end":{"line":79,"column":3}},"5":{"start":{"line":68,"column":4},"end":{"line":68,"column":36}},"6":{"start":{"line":71,"column":6},"end":{"line":72,"column":53}},"7":{"start":{"line":74,"column":4},"end":{"line":78,"column":5}},"8":{"start":{"line":75,"column":6},"end":{"line":75,"column":81}},"9":{"start":{"line":76,"column":11},"end":{"line":78,"column":5}},"10":{"start":{"line":77,"column":6},"end":{"line":77,"column":37}},"11":{"start":{"line":81,"column":2},"end":{"line":81,"column":61}},"12":{"start":{"line":87,"column":37},"end":{"line":147,"column":1}},"13":{"start":{"line":92,"column":51},"end":{"line":92,"column":60}},"14":{"start":{"line":93,"column":25},"end":{"line":93,"column":81}},"15":{"start":{"line":94,"column":31},"end":{"line":94,"column":89}},"16":{"start":{"line":95,"column":15},"end":{"line":95,"column":38}},"17":{"start":{"line":96,"column":17},"end":{"line":96,"column":29}},"18":{"start":{"line":97,"column":15},"end":{"line":97,"column":25}},"19":{"start":{"line":99,"column":38},"end":{"line":99,"column":40}},"20":{"start":{"line":100,"column":18},"end":{"line":100,"column":23}},"21":{"start":{"line":102,"column":2},"end":{"line":105,"column":3}},"22":{"start":{"line":103,"column":4},"end":{"line":103,"column":47}},"23":{"start":{"line":104,"column":4},"end":{"line":104,"column":21}},"24":{"start":{"line":107,"column":2},"end":{"line":114,"column":3}},"25":{"start":{"line":108,"column":39},"end":{"line":108,"column":91}},"26":{"start":{"line":109,"column":37},"end":{"line":109,"column":87}},"27":{"start":{"line":110,"column":4},"end":{"line":113,"column":5}},"28":{"start":{"line":111,"column":6},"end":{"line":111,"column":53}},"29":{"start":{"line":112,"column":6},"end":{"line":112,"column":23}},"30":{"start":{"line":116,"column":2},"end":{"line":124,"column":3}},"31":{"start":{"line":118,"column":6},"end":{"line":118,"column":89}},"32":{"start":{"line":120,"column":4},"end":{"line":123,"column":5}},"33":{"start":{"line":121,"column":6},"end":{"line":121,"column":53}},"34":{"start":{"line":122,"column":6},"end":{"line":122,"column":23}},"35":{"start":{"line":126,"column":2},"end":{"line":126,"column":28}},"36":{"start":{"line":126,"column":18},"end":{"line":126,"column":28}},"37":{"start":{"line":128,"column":17},"end":{"line":130,"column":52}},"38":{"start":{"line":129,"column":19},"end":{"line":129,"column":52}},"39":{"start":{"line":130,"column":41},"end":{"line":130,"column":51}},"40":{"start":{"line":132,"column":2},"end":{"line":132,"column":37}},"41":{"start":{"line":132,"column":27},"end":{"line":132,"column":37}},"42":{"start":{"line":134,"column":16},"end":{"line":134,"column":63}},"43":{"start":{"line":135,"column":18},"end":{"line":137,"column":15}},"44":{"start":{"line":136,"column":20},"end":{"line":136,"column":70}},"45":{"start":{"line":139,"column":2},"end":{"line":146,"column":4}},"46":{"start":{"line":149,"column":0},"end":{"line":149,"column":57}}},"fnMap":{"0":{"name":"validateResponse","decl":{"start":{"line":61,"column":9},"end":{"line":61,"column":25}},"loc":{"start":{"line":63,"column":14},"end":{"line":82,"column":1}}},"1":{"name":"(anonymous_1)","decl":{"start":{"line":87,"column":37},"end":{"line":87,"column":null}},"loc":{"start":{"line":90,"column":33},"end":{"line":147,"column":1}}},"2":{"name":"(anonymous_2)","decl":{"start":{"line":129,"column":9},"end":{"line":129,"column":10}},"loc":{"start":{"line":129,"column":19},"end":{"line":129,"column":52}}},"3":{"name":"(anonymous_3)","decl":{"start":{"line":130,"column":12},"end":{"line":130,"column":13}},"loc":{"start":{"line":130,"column":41},"end":{"line":130,"column":51}}},"4":{"name":"(anonymous_4)","decl":{"start":{"line":136,"column":9},"end":{"line":136,"column":10}},"loc":{"start":{"line":136,"column":20},"end":{"line":136,"column":70}}}},"branchMap":{"0":{"loc":{"start":{"line":66,"column":19},"end":{"line":66,"column":36}},"type":"cond-expr","locations":[{"start":{"line":66,"column":28},"end":{"line":66,"column":31}},{"start":{"line":66,"column":19},"end":{"line":66,"column":36}}]},"1":{"loc":{"start":{"line":66,"column":19},"end":{"line":66,"column":31}},"type":"binary-expr","locations":[{"start":{"line":66,"column":19},"end":{"line":66,"column":31}},{"start":{"line":66,"column":19},"end":{"line":66,"column":31}}]},"2":{"loc":{"start":{"line":67,"column":2},"end":{"line":79,"column":3}},"type":"if","locations":[{"start":{"line":67,"column":2},"end":{"line":79,"column":3}},{"start":{"line":69,"column":9},"end":{"line":79,"column":3}}]},"3":{"loc":{"start":{"line":71,"column":6},"end":{"line":72,"column":53}},"type":"binary-expr","locations":[{"start":{"line":71,"column":6},"end":{"line":71,"column":53}},{"start":{"line":72,"column":6},"end":{"line":72,"column":52}}]},"4":{"loc":{"start":{"line":71,"column":6},"end":{"line":71,"column":53}},"type":"cond-expr","locations":[{"start":{"line":71,"column":23},"end":{"line":71,"column":26}},{"start":{"line":71,"column":23},"end":{"line":71,"column":53}}]},"5":{"loc":{"start":{"line":71,"column":6},"end":{"line":71,"column":26}},"type":"binary-expr","locations":[{"start":{"line":71,"column":6},"end":{"line":71,"column":26}},{"start":{"line":71,"column":23},"end":{"line":71,"column":26}}]},"6":{"loc":{"start":{"line":71,"column":6},"end":{"line":71,"column":23}},"type":"cond-expr","locations":[{"start":{"line":71,"column":14},"end":{"line":71,"column":16}},{"start":{"line":71,"column":6},"end":{"line":71,"column":23}}]},"7":{"loc":{"start":{"line":71,"column":6},"end":{"line":71,"column":16}},"type":"binary-expr","locations":[{"start":{"line":71,"column":6},"end":{"line":71,"column":16}},{"start":{"line":71,"column":6},"end":{"line":71,"column":16}}]},"8":{"loc":{"start":{"line":72,"column":6},"end":{"line":72,"column":52}},"type":"cond-expr","locations":[{"start":{"line":72,"column":23},"end":{"line":72,"column":26}},{"start":{"line":72,"column":23},"end":{"line":72,"column":52}}]},"9":{"loc":{"start":{"line":72,"column":6},"end":{"line":72,"column":26}},"type":"binary-expr","locations":[{"start":{"line":72,"column":6},"end":{"line":72,"column":26}},{"start":{"line":72,"column":23},"end":{"line":72,"column":26}}]},"10":{"loc":{"start":{"line":72,"column":6},"end":{"line":72,"column":23}},"type":"cond-expr","locations":[{"start":{"line":72,"column":14},"end":{"line":72,"column":16}},{"start":{"line":72,"column":6},"end":{"line":72,"column":23}}]},"11":{"loc":{"start":{"line":72,"column":6},"end":{"line":72,"column":16}},"type":"binary-expr","locations":[{"start":{"line":72,"column":6},"end":{"line":72,"column":16}},{"start":{"line":72,"column":6},"end":{"line":72,"column":16}}]},"12":{"loc":{"start":{"line":74,"column":4},"end":{"line":78,"column":5}},"type":"if","locations":[{"start":{"line":74,"column":4},"end":{"line":78,"column":5}},{"start":{"line":76,"column":11},"end":{"line":78,"column":5}}]},"13":{"loc":{"start":{"line":76,"column":11},"end":{"line":78,"column":5}},"type":"if","locations":[{"start":{"line":76,"column":11},"end":{"line":78,"column":5}}]},"14":{"loc":{"start":{"line":76,"column":15},"end":{"line":76,"column":78}},"type":"binary-expr","locations":[{"start":{"line":76,"column":15},"end":{"line":76,"column":32}},{"start":{"line":76,"column":36},"end":{"line":76,"column":78}}]},"15":{"loc":{"start":{"line":81,"column":9},"end":{"line":81,"column":60}},"type":"cond-expr","locations":[{"start":{"line":81,"column":25},"end":{"line":81,"column":53}},{"start":{"line":81,"column":56},"end":{"line":81,"column":60}}]},"16":{"loc":{"start":{"line":92,"column":10},"end":{"line":92,"column":24}},"type":"default-arg","locations":[{"start":{"line":92,"column":22},"end":{"line":92,"column":24}}]},"17":{"loc":{"start":{"line":93,"column":25},"end":{"line":93,"column":81}},"type":"cond-expr","locations":[{"start":{"line":93,"column":71},"end":{"line":93,"column":73}},{"start":{"line":93,"column":71},"end":{"line":93,"column":81}}]},"18":{"loc":{"start":{"line":93,"column":25},"end":{"line":93,"column":73}},"type":"binary-expr","locations":[{"start":{"line":93,"column":25},"end":{"line":93,"column":73}},{"start":{"line":93,"column":71},"end":{"line":93,"column":73}}]},"19":{"loc":{"start":{"line":93,"column":26},"end":{"line":93,"column":71}},"type":"cond-expr","locations":[{"start":{"line":93,"column":42},"end":{"line":93,"column":44}},{"start":{"line":93,"column":42},"end":{"line":93,"column":71}}]},"20":{"loc":{"start":{"line":93,"column":26},"end":{"line":93,"column":44}},"type":"binary-expr","locations":[{"start":{"line":93,"column":26},"end":{"line":93,"column":44}},{"start":{"line":93,"column":42},"end":{"line":93,"column":44}}]},"21":{"loc":{"start":{"line":94,"column":31},"end":{"line":94,"column":89}},"type":"binary-expr","locations":[{"start":{"line":94,"column":31},"end":{"line":94,"column":60}},{"start":{"line":94,"column":64},"end":{"line":94,"column":89}}]},"22":{"loc":{"start":{"line":95,"column":15},"end":{"line":95,"column":38}},"type":"binary-expr","locations":[{"start":{"line":95,"column":15},"end":{"line":95,"column":32}},{"start":{"line":95,"column":36},"end":{"line":95,"column":38}}]},"23":{"loc":{"start":{"line":95,"column":15},"end":{"line":95,"column":32}},"type":"cond-expr","locations":[{"start":{"line":95,"column":27},"end":{"line":95,"column":30}},{"start":{"line":95,"column":27},"end":{"line":95,"column":32}}]},"24":{"loc":{"start":{"line":95,"column":15},"end":{"line":95,"column":30}},"type":"binary-expr","locations":[{"start":{"line":95,"column":15},"end":{"line":95,"column":30}},{"start":{"line":95,"column":27},"end":{"line":95,"column":30}}]},"25":{"loc":{"start":{"line":97,"column":15},"end":{"line":97,"column":25}},"type":"cond-expr","locations":[{"start":{"line":97,"column":19},"end":{"line":97,"column":21}},{"start":{"line":97,"column":15},"end":{"line":97,"column":25}}]},"26":{"loc":{"start":{"line":97,"column":15},"end":{"line":97,"column":21}},"type":"binary-expr","locations":[{"start":{"line":97,"column":15},"end":{"line":97,"column":21}},{"start":{"line":97,"column":15},"end":{"line":97,"column":21}}]},"27":{"loc":{"start":{"line":102,"column":2},"end":{"line":105,"column":3}},"type":"if","locations":[{"start":{"line":102,"column":2},"end":{"line":105,"column":3}}]},"28":{"loc":{"start":{"line":107,"column":2},"end":{"line":114,"column":3}},"type":"if","locations":[{"start":{"line":107,"column":2},"end":{"line":114,"column":3}}]},"29":{"loc":{"start":{"line":108,"column":39},"end":{"line":108,"column":91}},"type":"binary-expr","locations":[{"start":{"line":108,"column":39},"end":{"line":108,"column":64}},{"start":{"line":108,"column":68},"end":{"line":108,"column":91}}]},"30":{"loc":{"start":{"line":109,"column":37},"end":{"line":109,"column":87}},"type":"binary-expr","locations":[{"start":{"line":109,"column":37},"end":{"line":109,"column":62}},{"start":{"line":109,"column":66},"end":{"line":109,"column":87}}]},"31":{"loc":{"start":{"line":110,"column":4},"end":{"line":113,"column":5}},"type":"if","locations":[{"start":{"line":110,"column":4},"end":{"line":113,"column":5}}]},"32":{"loc":{"start":{"line":110,"column":8},"end":{"line":110,"column":100}},"type":"binary-expr","locations":[{"start":{"line":110,"column":8},"end":{"line":110,"column":32}},{"start":{"line":110,"column":37},"end":{"line":110,"column":64}},{"start":{"line":110,"column":68},"end":{"line":110,"column":75}},{"start":{"line":110,"column":79},"end":{"line":110,"column":99}}]},"33":{"loc":{"start":{"line":116,"column":2},"end":{"line":124,"column":3}},"type":"if","locations":[{"start":{"line":116,"column":2},"end":{"line":124,"column":3}}]},"34":{"loc":{"start":{"line":118,"column":6},"end":{"line":118,"column":89}},"type":"binary-expr","locations":[{"start":{"line":118,"column":6},"end":{"line":118,"column":12}},{"start":{"line":118,"column":17},"end":{"line":118,"column":41}},{"start":{"line":118,"column":45},"end":{"line":118,"column":64}},{"start":{"line":118,"column":69},"end":{"line":118,"column":89}}]},"35":{"loc":{"start":{"line":120,"column":4},"end":{"line":123,"column":5}},"type":"if","locations":[{"start":{"line":120,"column":4},"end":{"line":123,"column":5}}]},"36":{"loc":{"start":{"line":126,"column":2},"end":{"line":126,"column":28}},"type":"if","locations":[{"start":{"line":126,"column":2},"end":{"line":126,"column":28}}]},"37":{"loc":{"start":{"line":132,"column":2},"end":{"line":132,"column":37}},"type":"if","locations":[{"start":{"line":132,"column":2},"end":{"line":132,"column":37}}]},"38":{"loc":{"start":{"line":134,"column":16},"end":{"line":134,"column":63}},"type":"cond-expr","locations":[{"start":{"line":134,"column":46},"end":{"line":134,"column":52}},{"start":{"line":134,"column":55},"end":{"line":134,"column":63}}]}},"s":{"0":1,"1":1,"2":33,"3":33,"4":33,"5":13,"6":20,"7":20,"8":7,"9":13,"10":4,"11":33,"12":1,"13":14,"14":14,"15":14,"16":14,"17":14,"18":14,"19":14,"20":14,"21":14,"22":9,"23":9,"24":14,"25":3,"26":3,"27":3,"28":2,"29":2,"30":14,"31":1,"32":1,"33":1,"34":1,"35":14,"36":2,"37":12,"38":33,"39":33,"40":12,"41":2,"42":10,"43":10,"44":24,"45":10,"46":1},"f":{"0":33,"1":14,"2":33,"3":33,"4":24},"b":{"0":[0,33],"1":[33,33],"2":[13,20],"3":[20,8],"4":[3,17],"5":[20,20],"6":[0,20],"7":[20,20],"8":[3,5],"9":[8,8],"10":[0,8],"11":[8,8],"12":[7,13],"13":[4],"14":[13,12],"15":[24,9],"16":[1],"17":[0,14],"18":[14,14],"19":[0,14],"20":[14,14],"21":[14,14],"22":[14,0],"23":[0,14],"24":[14,14],"25":[0,14],"26":[14,14],"27":[9],"28":[3],"29":[3,3],"30":[3,3],"31":[2],"32":[3,1,0,0],"33":[1],"34":[1,1,1,1],"35":[1],"36":[2],"37":[2],"38":[10,0]}}
}
