{"/Users/collinsobasuyi/Documents/githubDir/api-guidelines/functions/has-required-problem-details-error-responses.js": {"path":"/Users/collinsobasuyi/Documents/githubDir/api-guidelines/functions/has-required-problem-details-error-responses.js","statementMap":{"0":{"start":{"line":23,"column":24},"end":{"line":23,"column":45}},"1":{"start":{"line":24,"column":28},"end":{"line":24,"column":42}},"2":{"start":{"line":30,"column":2},"end":{"line":30,"column":66}},"3":{"start":{"line":37,"column":18},"end":{"line":37,"column":65}},"4":{"start":{"line":38,"column":2},"end":{"line":38,"column":76}},"5":{"start":{"line":45,"column":2},"end":{"line":45,"column":76}},"6":{"start":{"line":45,"column":40},"end":{"line":45,"column":76}},"7":{"start":{"line":46,"column":2},"end":{"line":46,"column":70}},"8":{"start":{"line":46,"column":37},"end":{"line":46,"column":70}},"9":{"start":{"line":47,"column":2},"end":{"line":47,"column":15}},"10":{"start":{"line":54,"column":17},"end":{"line":54,"column":19}},"11":{"start":{"line":55,"column":19},"end":{"line":55,"column":42}},"12":{"start":{"line":56,"column":2},"end":{"line":59,"column":3}},"13":{"start":{"line":57,"column":4},"end":{"line":57,"column":36}},"14":{"start":{"line":58,"column":4},"end":{"line":58,"column":34}},"15":{"start":{"line":60,"column":2},"end":{"line":62,"column":3}},"16":{"start":{"line":61,"column":4},"end":{"line":61,"column":52}},"17":{"start":{"line":63,"column":2},"end":{"line":65,"column":3}},"18":{"start":{"line":64,"column":4},"end":{"line":64,"column":35}},"19":{"start":{"line":66,"column":2},"end":{"line":66,"column":55}},"20":{"start":{"line":73,"column":20},"end":{"line":73,"column":29}},"21":{"start":{"line":74,"column":20},"end":{"line":74,"column":45}},"22":{"start":{"line":75,"column":25},"end":{"line":75,"column":57}},"23":{"start":{"line":76,"column":28},"end":{"line":76,"column":46}},"24":{"start":{"line":77,"column":26},"end":{"line":77,"column":78}},"25":{"start":{"line":79,"column":30},"end":{"line":82,"column":3}},"26":{"start":{"line":84,"column":17},"end":{"line":86,"column":20}},"27":{"start":{"line":85,"column":17},"end":{"line":85,"column":67}},"28":{"start":{"line":88,"column":2},"end":{"line":97,"column":3}},"29":{"start":{"line":89,"column":20},"end":{"line":91,"column":17}},"30":{"start":{"line":90,"column":19},"end":{"line":90,"column":67}},"31":{"start":{"line":93,"column":4},"end":{"line":96,"column":7}},"32":{"start":{"line":99,"column":2},"end":{"line":99,"column":12}}},"fnMap":{"0":{"name":"hasProblemJsonContent","decl":{"start":{"line":29,"column":9},"end":{"line":29,"column":30}},"loc":{"start":{"line":29,"column":41},"end":{"line":31,"column":1}},"line":29},"1":{"name":"hasExamples","decl":{"start":{"line":36,"column":9},"end":{"line":36,"column":20}},"loc":{"start":{"line":36,"column":31},"end":{"line":39,"column":1}},"line":36},"2":{"name":"isSecurityEnabled","decl":{"start":{"line":44,"column":9},"end":{"line":44,"column":26}},"loc":{"start":{"line":44,"column":62},"end":{"line":48,"column":1}},"line":44},"3":{"name":"validateResponseRequirement","decl":{"start":{"line":53,"column":9},"end":{"line":53,"column":36}},"loc":{"start":{"line":53,"column":76},"end":{"line":67,"column":1}},"line":53},"4":{"name":"validateCommonErrorResponses","decl":{"start":{"line":72,"column":24},"end":{"line":72,"column":52}},"loc":{"start":{"line":72,"column":80},"end":{"line":100,"column":1}},"line":72},"5":{"name":"(anonymous_5)","decl":{"start":{"line":85,"column":9},"end":{"line":85,"column":10}},"loc":{"start":{"line":85,"column":17},"end":{"line":85,"column":67}},"line":85},"6":{"name":"(anonymous_6)","decl":{"start":{"line":90,"column":11},"end":{"line":90,"column":12}},"loc":{"start":{"line":90,"column":19},"end":{"line":90,"column":67}},"line":90}},"branchMap":{"0":{"loc":{"start":{"line":38,"column":17},"end":{"line":38,"column":74}},"type":"binary-expr","locations":[{"start":{"line":38,"column":17},"end":{"line":38,"column":34}},{"start":{"line":38,"column":38},"end":{"line":38,"column":74}}],"line":38},"1":{"loc":{"start":{"line":45,"column":2},"end":{"line":45,"column":76}},"type":"if","locations":[{"start":{"line":45,"column":2},"end":{"line":45,"column":76}},{"start":{},"end":{}}],"line":45},"2":{"loc":{"start":{"line":46,"column":2},"end":{"line":46,"column":70}},"type":"if","locations":[{"start":{"line":46,"column":2},"end":{"line":46,"column":70}},{"start":{},"end":{}}],"line":46},"3":{"loc":{"start":{"line":56,"column":2},"end":{"line":59,"column":3}},"type":"if","locations":[{"start":{"line":56,"column":2},"end":{"line":59,"column":3}},{"start":{},"end":{}}],"line":56},"4":{"loc":{"start":{"line":60,"column":2},"end":{"line":62,"column":3}},"type":"if","locations":[{"start":{"line":60,"column":2},"end":{"line":62,"column":3}},{"start":{},"end":{}}],"line":60},"5":{"loc":{"start":{"line":63,"column":2},"end":{"line":65,"column":3}},"type":"if","locations":[{"start":{"line":63,"column":2},"end":{"line":65,"column":3}},{"start":{},"end":{}}],"line":63},"6":{"loc":{"start":{"line":63,"column":6},"end":{"line":63,"column":46}},"type":"binary-expr","locations":[{"start":{"line":63,"column":6},"end":{"line":63,"column":20}},{"start":{"line":63,"column":24},"end":{"line":63,"column":46}}],"line":63},"7":{"loc":{"start":{"line":66,"column":9},"end":{"line":66,"column":54}},"type":"cond-expr","locations":[{"start":{"line":66,"column":25},"end":{"line":66,"column":47}},{"start":{"line":66,"column":50},"end":{"line":66,"column":54}}],"line":66},"8":{"loc":{"start":{"line":74,"column":20},"end":{"line":74,"column":45}},"type":"binary-expr","locations":[{"start":{"line":74,"column":20},"end":{"line":74,"column":39}},{"start":{"line":74,"column":43},"end":{"line":74,"column":45}}],"line":74},"9":{"loc":{"start":{"line":81,"column":8},"end":{"line":81,"column":50}},"type":"cond-expr","locations":[{"start":{"line":81,"column":26},"end":{"line":81,"column":45}},{"start":{"line":81,"column":48},"end":{"line":81,"column":50}}],"line":81},"10":{"loc":{"start":{"line":88,"column":2},"end":{"line":97,"column":3}},"type":"if","locations":[{"start":{"line":88,"column":2},"end":{"line":97,"column":3}},{"start":{},"end":{}}],"line":88}},"s":{"0":1,"1":1,"2":24,"3":24,"4":24,"5":6,"6":4,"7":2,"8":2,"9":0,"10":28,"11":28,"12":28,"13":4,"14":4,"15":24,"16":0,"17":24,"18":1,"19":24,"20":6,"21":6,"22":6,"23":6,"24":6,"25":6,"26":6,"27":28,"28":6,"29":4,"30":5,"31":4,"32":2},"f":{"0":24,"1":24,"2":6,"3":28,"4":6,"5":28,"6":5},"b":{"0":[24,23],"1":[4,2],"2":[2,0],"3":[4,24],"4":[0,24],"5":[1,23],"6":[24,24],"7":[1,23],"8":[6,0],"9":[5,1],"10":[4,2]},"inputSourceMap":null,"_coverageSchema":"1a1c01bbd47fc00a2c39e90264f33305004495a9","hash":"2f8635079ace97f9c46223f9c6405929242ed8b7"}
,"/Users/collinsobasuyi/Documents/githubDir/api-guidelines/functions/is-api-info-json-schema.js": {"path":"/Users/collinsobasuyi/Documents/githubDir/api-guidelines/functions/is-api-info-json-schema.js","statementMap":{"0":{"start":{"line":43,"column":28},"end":{"line":85,"column":1}},"1":{"start":{"line":45,"column":18},"end":{"line":45,"column":20}},"2":{"start":{"line":47,"column":2},"end":{"line":49,"column":3}},"3":{"start":{"line":48,"column":4},"end":{"line":48,"column":70}},"4":{"start":{"line":51,"column":15},"end":{"line":51,"column":51}},"5":{"start":{"line":52,"column":2},"end":{"line":54,"column":3}},"6":{"start":{"line":53,"column":4},"end":{"line":53,"column":118}},"7":{"start":{"line":56,"column":18},"end":{"line":56,"column":57}},"8":{"start":{"line":57,"column":18},"end":{"line":57,"column":211}},"9":{"start":{"line":59,"column":2},"end":{"line":61,"column":3}},"10":{"start":{"line":60,"column":4},"end":{"line":60,"column":118}},"11":{"start":{"line":63,"column":17},"end":{"line":63,"column":55}},"12":{"start":{"line":64,"column":25},"end":{"line":64,"column":64}},"13":{"start":{"line":65,"column":2},"end":{"line":67,"column":3}},"14":{"start":{"line":65,"column":99},"end":{"line":65,"column":142}},"15":{"start":{"line":66,"column":4},"end":{"line":66,"column":136}},"16":{"start":{"line":69,"column":22},"end":{"line":69,"column":65}},"17":{"start":{"line":70,"column":2},"end":{"line":72,"column":3}},"18":{"start":{"line":71,"column":4},"end":{"line":71,"column":116}},"19":{"start":{"line":74,"column":24},"end":{"line":74,"column":69}},"20":{"start":{"line":75,"column":2},"end":{"line":77,"column":3}},"21":{"start":{"line":76,"column":4},"end":{"line":76,"column":117}},"22":{"start":{"line":79,"column":23},"end":{"line":79,"column":67}},"23":{"start":{"line":80,"column":2},"end":{"line":82,"column":3}},"24":{"start":{"line":81,"column":4},"end":{"line":81,"column":115}},"25":{"start":{"line":84,"column":2},"end":{"line":84,"column":17}},"26":{"start":{"line":87,"column":14},"end":{"line":95,"column":1}},"27":{"start":{"line":88,"column":26},"end":{"line":88,"column":104}},"28":{"start":{"line":90,"column":2},"end":{"line":94,"column":3}},"29":{"start":{"line":91,"column":4},"end":{"line":91,"column":45}},"30":{"start":{"line":93,"column":4},"end":{"line":93,"column":39}},"31":{"start":{"line":98,"column":2},"end":{"line":100,"column":3}},"32":{"start":{"line":99,"column":4},"end":{"line":99,"column":14}},"33":{"start":{"line":102,"column":2},"end":{"line":110,"column":3}},"34":{"start":{"line":103,"column":4},"end":{"line":103,"column":30}},"35":{"start":{"line":105,"column":4},"end":{"line":109,"column":6}}},"fnMap":{"0":{"name":"(anonymous_0)","decl":{"start":{"line":43,"column":28},"end":{"line":43,"column":29}},"loc":{"start":{"line":43,"column":40},"end":{"line":85,"column":1}},"line":43},"1":{"name":"(anonymous_1)","decl":{"start":{"line":65,"column":88},"end":{"line":65,"column":89}},"loc":{"start":{"line":65,"column":99},"end":{"line":65,"column":142}},"line":65},"2":{"name":"(anonymous_2)","decl":{"start":{"line":87,"column":14},"end":{"line":87,"column":15}},"loc":{"start":{"line":87,"column":26},"end":{"line":95,"column":1}},"line":87},"3":{"name":"(anonymous_3)","decl":{"start":{"line":97,"column":15},"end":{"line":97,"column":16}},"loc":{"start":{"line":97,"column":32},"end":{"line":111,"column":1}},"line":97}},"branchMap":{"0":{"loc":{"start":{"line":47,"column":2},"end":{"line":49,"column":3}},"type":"if","locations":[{"start":{"line":47,"column":2},"end":{"line":49,"column":3}},{"start":{},"end":{}}],"line":47},"1":{"loc":{"start":{"line":51,"column":15},"end":{"line":51,"column":51}},"type":"binary-expr","locations":[{"start":{"line":51,"column":15},"end":{"line":51,"column":45}},{"start":{"line":51,"column":49},"end":{"line":51,"column":51}}],"line":51},"2":{"loc":{"start":{"line":51,"column":16},"end":{"line":51,"column":39}},"type":"binary-expr","locations":[{"start":{"line":51,"column":16},"end":{"line":51,"column":33}},{"start":{"line":51,"column":37},"end":{"line":51,"column":39}}],"line":51},"3":{"loc":{"start":{"line":52,"column":2},"end":{"line":54,"column":3}},"type":"if","locations":[{"start":{"line":52,"column":2},"end":{"line":54,"column":3}},{"start":{},"end":{}}],"line":52},"4":{"loc":{"start":{"line":56,"column":18},"end":{"line":56,"column":57}},"type":"binary-expr","locations":[{"start":{"line":56,"column":18},"end":{"line":56,"column":51}},{"start":{"line":56,"column":55},"end":{"line":56,"column":57}}],"line":56},"5":{"loc":{"start":{"line":56,"column":19},"end":{"line":56,"column":42}},"type":"binary-expr","locations":[{"start":{"line":56,"column":19},"end":{"line":56,"column":36}},{"start":{"line":56,"column":40},"end":{"line":56,"column":42}}],"line":56},"6":{"loc":{"start":{"line":59,"column":2},"end":{"line":61,"column":3}},"type":"if","locations":[{"start":{"line":59,"column":2},"end":{"line":61,"column":3}},{"start":{},"end":{}}],"line":59},"7":{"loc":{"start":{"line":59,"column":6},"end":{"line":59,"column":62}},"type":"binary-expr","locations":[{"start":{"line":59,"column":6},"end":{"line":59,"column":31}},{"start":{"line":59,"column":35},"end":{"line":59,"column":62}}],"line":59},"8":{"loc":{"start":{"line":63,"column":17},"end":{"line":63,"column":55}},"type":"binary-expr","locations":[{"start":{"line":63,"column":17},"end":{"line":63,"column":49}},{"start":{"line":63,"column":53},"end":{"line":63,"column":55}}],"line":63},"9":{"loc":{"start":{"line":63,"column":18},"end":{"line":63,"column":41}},"type":"binary-expr","locations":[{"start":{"line":63,"column":18},"end":{"line":63,"column":35}},{"start":{"line":63,"column":39},"end":{"line":63,"column":41}}],"line":63},"10":{"loc":{"start":{"line":65,"column":2},"end":{"line":67,"column":3}},"type":"if","locations":[{"start":{"line":65,"column":2},"end":{"line":67,"column":3}},{"start":{},"end":{}}],"line":65},"11":{"loc":{"start":{"line":65,"column":6},"end":{"line":65,"column":143}},"type":"binary-expr","locations":[{"start":{"line":65,"column":6},"end":{"line":65,"column":30}},{"start":{"line":65,"column":34},"end":{"line":65,"column":62}},{"start":{"line":65,"column":66},"end":{"line":65,"column":143}}],"line":65},"12":{"loc":{"start":{"line":69,"column":22},"end":{"line":69,"column":65}},"type":"binary-expr","locations":[{"start":{"line":69,"column":22},"end":{"line":69,"column":59}},{"start":{"line":69,"column":63},"end":{"line":69,"column":65}}],"line":69},"13":{"loc":{"start":{"line":69,"column":23},"end":{"line":69,"column":46}},"type":"binary-expr","locations":[{"start":{"line":69,"column":23},"end":{"line":69,"column":40}},{"start":{"line":69,"column":44},"end":{"line":69,"column":46}}],"line":69},"14":{"loc":{"start":{"line":70,"column":2},"end":{"line":72,"column":3}},"type":"if","locations":[{"start":{"line":70,"column":2},"end":{"line":72,"column":3}},{"start":{},"end":{}}],"line":70},"15":{"loc":{"start":{"line":70,"column":6},"end":{"line":70,"column":68}},"type":"binary-expr","locations":[{"start":{"line":70,"column":6},"end":{"line":70,"column":35}},{"start":{"line":70,"column":39},"end":{"line":70,"column":68}}],"line":70},"16":{"loc":{"start":{"line":74,"column":24},"end":{"line":74,"column":69}},"type":"binary-expr","locations":[{"start":{"line":74,"column":24},"end":{"line":74,"column":63}},{"start":{"line":74,"column":67},"end":{"line":74,"column":69}}],"line":74},"17":{"loc":{"start":{"line":74,"column":25},"end":{"line":74,"column":48}},"type":"binary-expr","locations":[{"start":{"line":74,"column":25},"end":{"line":74,"column":42}},{"start":{"line":74,"column":46},"end":{"line":74,"column":48}}],"line":74},"18":{"loc":{"start":{"line":75,"column":2},"end":{"line":77,"column":3}},"type":"if","locations":[{"start":{"line":75,"column":2},"end":{"line":77,"column":3}},{"start":{},"end":{}}],"line":75},"19":{"loc":{"start":{"line":75,"column":6},"end":{"line":75,"column":71}},"type":"binary-expr","locations":[{"start":{"line":75,"column":6},"end":{"line":75,"column":37}},{"start":{"line":75,"column":41},"end":{"line":75,"column":71}}],"line":75},"20":{"loc":{"start":{"line":79,"column":23},"end":{"line":79,"column":67}},"type":"binary-expr","locations":[{"start":{"line":79,"column":23},"end":{"line":79,"column":61}},{"start":{"line":79,"column":65},"end":{"line":79,"column":67}}],"line":79},"21":{"loc":{"start":{"line":79,"column":24},"end":{"line":79,"column":47}},"type":"binary-expr","locations":[{"start":{"line":79,"column":24},"end":{"line":79,"column":41}},{"start":{"line":79,"column":45},"end":{"line":79,"column":47}}],"line":79},"22":{"loc":{"start":{"line":80,"column":2},"end":{"line":82,"column":3}},"type":"if","locations":[{"start":{"line":80,"column":2},"end":{"line":82,"column":3}},{"start":{},"end":{}}],"line":80},"23":{"loc":{"start":{"line":80,"column":6},"end":{"line":80,"column":69}},"type":"binary-expr","locations":[{"start":{"line":80,"column":6},"end":{"line":80,"column":36}},{"start":{"line":80,"column":40},"end":{"line":80,"column":69}}],"line":80},"24":{"loc":{"start":{"line":88,"column":31},"end":{"line":88,"column":50}},"type":"binary-expr","locations":[{"start":{"line":88,"column":31},"end":{"line":88,"column":44}},{"start":{"line":88,"column":48},"end":{"line":88,"column":50}}],"line":88},"25":{"loc":{"start":{"line":88,"column":57},"end":{"line":88,"column":76}},"type":"binary-expr","locations":[{"start":{"line":88,"column":57},"end":{"line":88,"column":70}},{"start":{"line":88,"column":74},"end":{"line":88,"column":76}}],"line":88},"26":{"loc":{"start":{"line":88,"column":83},"end":{"line":88,"column":102}},"type":"binary-expr","locations":[{"start":{"line":88,"column":83},"end":{"line":88,"column":96}},{"start":{"line":88,"column":100},"end":{"line":88,"column":102}}],"line":88},"27":{"loc":{"start":{"line":90,"column":2},"end":{"line":94,"column":3}},"type":"if","locations":[{"start":{"line":90,"column":2},"end":{"line":94,"column":3}},{"start":{"line":92,"column":9},"end":{"line":94,"column":3}}],"line":90},"28":{"loc":{"start":{"line":98,"column":2},"end":{"line":100,"column":3}},"type":"if","locations":[{"start":{"line":98,"column":2},"end":{"line":100,"column":3}},{"start":{},"end":{}}],"line":98},"29":{"loc":{"start":{"line":98,"column":5},"end":{"line":98,"column":60}},"type":"binary-expr","locations":[{"start":{"line":98,"column":5},"end":{"line":98,"column":25}},{"start":{"line":98,"column":29},"end":{"line":98,"column":60}}],"line":98},"30":{"loc":{"start":{"line":107,"column":17},"end":{"line":107,"column":34}},"type":"binary-expr","locations":[{"start":{"line":107,"column":17},"end":{"line":107,"column":28}},{"start":{"line":107,"column":32},"end":{"line":107,"column":34}}],"line":107}},"s":{"0":1,"1":9,"2":9,"3":1,"4":9,"5":9,"6":2,"7":9,"8":9,"9":9,"10":8,"11":9,"12":9,"13":9,"14":20,"15":5,"16":9,"17":9,"18":3,"19":9,"20":9,"21":3,"22":9,"23":9,"24":3,"25":9,"26":1,"27":9,"28":9,"29":0,"30":9,"31":10,"32":1,"33":9,"34":9,"35":0},"f":{"0":9,"1":20,"2":9,"3":10},"b":{"0":[1,8],"1":[9,1],"2":[9,1],"3":[2,7],"4":[9,2],"5":[9,1],"6":[8,1],"7":[9,7],"8":[9,2],"9":[9,1],"10":[5,4],"11":[9,7,6],"12":[9,2],"13":[9,1],"14":[3,6],"15":[9,7],"16":[9,2],"17":[9,1],"18":[3,6],"19":[9,7],"20":[9,2],"21":[9,1],"22":[3,6],"23":[9,7],"24":[9,9],"25":[9,9],"26":[9,9],"27":[0,9],"28":[1,9],"29":[10,9],"30":[0,0]},"inputSourceMap":null,"_coverageSchema":"1a1c01bbd47fc00a2c39e90264f33305004495a9","hash":"717b80ac1ee8a245ffa437fc1bd3a3aa1dbab5fd"}
,"/Users/collinsobasuyi/Documents/githubDir/api-guidelines/functions/is-problem-json-schema.js": {"path":"/Users/collinsobasuyi/Documents/githubDir/api-guidelines/functions/is-problem-json-schema.js","statementMap":{"0":{"start":{"line":22,"column":28},"end":{"line":55,"column":1}},"1":{"start":{"line":23,"column":18},"end":{"line":23,"column":20}},"2":{"start":{"line":25,"column":2},"end":{"line":27,"column":3}},"3":{"start":{"line":26,"column":4},"end":{"line":26,"column":70}},"4":{"start":{"line":29,"column":15},"end":{"line":29,"column":51}},"5":{"start":{"line":30,"column":2},"end":{"line":32,"column":3}},"6":{"start":{"line":31,"column":4},"end":{"line":31,"column":118}},"7":{"start":{"line":34,"column":16},"end":{"line":34,"column":53}},"8":{"start":{"line":35,"column":2},"end":{"line":37,"column":3}},"9":{"start":{"line":36,"column":4},"end":{"line":36,"column":92}},"10":{"start":{"line":39,"column":17},"end":{"line":39,"column":55}},"11":{"start":{"line":40,"column":2},"end":{"line":42,"column":3}},"12":{"start":{"line":41,"column":4},"end":{"line":41,"column":112}},"13":{"start":{"line":44,"column":17},"end":{"line":44,"column":55}},"14":{"start":{"line":45,"column":2},"end":{"line":47,"column":3}},"15":{"start":{"line":46,"column":4},"end":{"line":46,"column":93}},"16":{"start":{"line":49,"column":19},"end":{"line":49,"column":59}},"17":{"start":{"line":50,"column":2},"end":{"line":52,"column":3}},"18":{"start":{"line":51,"column":4},"end":{"line":51,"column":95}},"19":{"start":{"line":54,"column":2},"end":{"line":54,"column":17}},"20":{"start":{"line":57,"column":14},"end":{"line":65,"column":1}},"21":{"start":{"line":58,"column":26},"end":{"line":58,"column":104}},"22":{"start":{"line":60,"column":2},"end":{"line":64,"column":3}},"23":{"start":{"line":61,"column":4},"end":{"line":61,"column":45}},"24":{"start":{"line":63,"column":4},"end":{"line":63,"column":39}},"25":{"start":{"line":68,"column":2},"end":{"line":70,"column":3}},"26":{"start":{"line":69,"column":6},"end":{"line":69,"column":16}},"27":{"start":{"line":72,"column":2},"end":{"line":80,"column":3}},"28":{"start":{"line":73,"column":4},"end":{"line":73,"column":30}},"29":{"start":{"line":75,"column":4},"end":{"line":79,"column":6}}},"fnMap":{"0":{"name":"(anonymous_0)","decl":{"start":{"line":22,"column":28},"end":{"line":22,"column":29}},"loc":{"start":{"line":22,"column":40},"end":{"line":55,"column":1}},"line":22},"1":{"name":"(anonymous_1)","decl":{"start":{"line":57,"column":14},"end":{"line":57,"column":15}},"loc":{"start":{"line":57,"column":26},"end":{"line":65,"column":1}},"line":57},"2":{"name":"(anonymous_2)","decl":{"start":{"line":67,"column":15},"end":{"line":67,"column":16}},"loc":{"start":{"line":67,"column":32},"end":{"line":81,"column":1}},"line":67}},"branchMap":{"0":{"loc":{"start":{"line":25,"column":2},"end":{"line":27,"column":3}},"type":"if","locations":[{"start":{"line":25,"column":2},"end":{"line":27,"column":3}},{"start":{},"end":{}}],"line":25},"1":{"loc":{"start":{"line":29,"column":15},"end":{"line":29,"column":51}},"type":"binary-expr","locations":[{"start":{"line":29,"column":15},"end":{"line":29,"column":45}},{"start":{"line":29,"column":49},"end":{"line":29,"column":51}}],"line":29},"2":{"loc":{"start":{"line":29,"column":16},"end":{"line":29,"column":39}},"type":"binary-expr","locations":[{"start":{"line":29,"column":16},"end":{"line":29,"column":33}},{"start":{"line":29,"column":37},"end":{"line":29,"column":39}}],"line":29},"3":{"loc":{"start":{"line":30,"column":2},"end":{"line":32,"column":3}},"type":"if","locations":[{"start":{"line":30,"column":2},"end":{"line":32,"column":3}},{"start":{},"end":{}}],"line":30},"4":{"loc":{"start":{"line":30,"column":6},"end":{"line":30,"column":63}},"type":"binary-expr","locations":[{"start":{"line":30,"column":6},"end":{"line":30,"column":28}},{"start":{"line":30,"column":32},"end":{"line":30,"column":63}}],"line":30},"5":{"loc":{"start":{"line":34,"column":16},"end":{"line":34,"column":53}},"type":"binary-expr","locations":[{"start":{"line":34,"column":16},"end":{"line":34,"column":47}},{"start":{"line":34,"column":51},"end":{"line":34,"column":53}}],"line":34},"6":{"loc":{"start":{"line":34,"column":17},"end":{"line":34,"column":40}},"type":"binary-expr","locations":[{"start":{"line":34,"column":17},"end":{"line":34,"column":34}},{"start":{"line":34,"column":38},"end":{"line":34,"column":40}}],"line":34},"7":{"loc":{"start":{"line":35,"column":2},"end":{"line":37,"column":3}},"type":"if","locations":[{"start":{"line":35,"column":2},"end":{"line":37,"column":3}},{"start":{},"end":{}}],"line":35},"8":{"loc":{"start":{"line":39,"column":17},"end":{"line":39,"column":55}},"type":"binary-expr","locations":[{"start":{"line":39,"column":17},"end":{"line":39,"column":49}},{"start":{"line":39,"column":53},"end":{"line":39,"column":55}}],"line":39},"9":{"loc":{"start":{"line":39,"column":18},"end":{"line":39,"column":41}},"type":"binary-expr","locations":[{"start":{"line":39,"column":18},"end":{"line":39,"column":35}},{"start":{"line":39,"column":39},"end":{"line":39,"column":41}}],"line":39},"10":{"loc":{"start":{"line":40,"column":2},"end":{"line":42,"column":3}},"type":"if","locations":[{"start":{"line":40,"column":2},"end":{"line":42,"column":3}},{"start":{},"end":{}}],"line":40},"11":{"loc":{"start":{"line":40,"column":6},"end":{"line":40,"column":60}},"type":"binary-expr","locations":[{"start":{"line":40,"column":6},"end":{"line":40,"column":31}},{"start":{"line":40,"column":35},"end":{"line":40,"column":60}}],"line":40},"12":{"loc":{"start":{"line":44,"column":17},"end":{"line":44,"column":55}},"type":"binary-expr","locations":[{"start":{"line":44,"column":17},"end":{"line":44,"column":49}},{"start":{"line":44,"column":53},"end":{"line":44,"column":55}}],"line":44},"13":{"loc":{"start":{"line":44,"column":18},"end":{"line":44,"column":41}},"type":"binary-expr","locations":[{"start":{"line":44,"column":18},"end":{"line":44,"column":35}},{"start":{"line":44,"column":39},"end":{"line":44,"column":41}}],"line":44},"14":{"loc":{"start":{"line":45,"column":2},"end":{"line":47,"column":3}},"type":"if","locations":[{"start":{"line":45,"column":2},"end":{"line":47,"column":3}},{"start":{},"end":{}}],"line":45},"15":{"loc":{"start":{"line":49,"column":19},"end":{"line":49,"column":59}},"type":"binary-expr","locations":[{"start":{"line":49,"column":19},"end":{"line":49,"column":53}},{"start":{"line":49,"column":57},"end":{"line":49,"column":59}}],"line":49},"16":{"loc":{"start":{"line":49,"column":20},"end":{"line":49,"column":43}},"type":"binary-expr","locations":[{"start":{"line":49,"column":20},"end":{"line":49,"column":37}},{"start":{"line":49,"column":41},"end":{"line":49,"column":43}}],"line":49},"17":{"loc":{"start":{"line":50,"column":2},"end":{"line":52,"column":3}},"type":"if","locations":[{"start":{"line":50,"column":2},"end":{"line":52,"column":3}},{"start":{},"end":{}}],"line":50},"18":{"loc":{"start":{"line":58,"column":31},"end":{"line":58,"column":50}},"type":"binary-expr","locations":[{"start":{"line":58,"column":31},"end":{"line":58,"column":44}},{"start":{"line":58,"column":48},"end":{"line":58,"column":50}}],"line":58},"19":{"loc":{"start":{"line":58,"column":57},"end":{"line":58,"column":76}},"type":"binary-expr","locations":[{"start":{"line":58,"column":57},"end":{"line":58,"column":70}},{"start":{"line":58,"column":74},"end":{"line":58,"column":76}}],"line":58},"20":{"loc":{"start":{"line":58,"column":83},"end":{"line":58,"column":102}},"type":"binary-expr","locations":[{"start":{"line":58,"column":83},"end":{"line":58,"column":96}},{"start":{"line":58,"column":100},"end":{"line":58,"column":102}}],"line":58},"21":{"loc":{"start":{"line":60,"column":2},"end":{"line":64,"column":3}},"type":"if","locations":[{"start":{"line":60,"column":2},"end":{"line":64,"column":3}},{"start":{"line":62,"column":9},"end":{"line":64,"column":3}}],"line":60},"22":{"loc":{"start":{"line":68,"column":2},"end":{"line":70,"column":3}},"type":"if","locations":[{"start":{"line":68,"column":2},"end":{"line":70,"column":3}},{"start":{},"end":{}}],"line":68},"23":{"loc":{"start":{"line":68,"column":5},"end":{"line":68,"column":60}},"type":"binary-expr","locations":[{"start":{"line":68,"column":5},"end":{"line":68,"column":25}},{"start":{"line":68,"column":29},"end":{"line":68,"column":60}}],"line":68},"24":{"loc":{"start":{"line":77,"column":17},"end":{"line":77,"column":34}},"type":"binary-expr","locations":[{"start":{"line":77,"column":17},"end":{"line":77,"column":28}},{"start":{"line":77,"column":32},"end":{"line":77,"column":34}}],"line":77}},"s":{"0":1,"1":7,"2":7,"3":1,"4":7,"5":7,"6":4,"7":7,"8":7,"9":2,"10":7,"11":7,"12":3,"13":7,"14":7,"15":3,"16":7,"17":7,"18":3,"19":7,"20":1,"21":9,"22":8,"23":1,"24":7,"25":8,"26":0,"27":8,"28":8,"29":1},"f":{"0":7,"1":9,"2":8},"b":{"0":[1,6],"1":[7,2],"2":[7,1],"3":[4,3],"4":[7,5],"5":[7,2],"6":[7,1],"7":[2,5],"8":[7,2],"9":[7,1],"10":[3,4],"11":[7,4],"12":[7,2],"13":[7,1],"14":[3,4],"15":[7,2],"16":[7,1],"17":[3,4],"18":[9,7],"19":[8,8],"20":[8,8],"21":[1,7],"22":[0,8],"23":[8,8],"24":[1,0]},"inputSourceMap":null,"_coverageSchema":"1a1c01bbd47fc00a2c39e90264f33305004495a9","hash":"6d659ebe1074c9e6093060009c64e24e6e383364"}
}
