TN:
SF:src/functions/has-required-problem-details-error-responses.ts
FN:61,validateResponse
FN:87,(anonymous_1)
FN:129,(anonymous_2)
FN:130,(anonymous_3)
FN:136,(anonymous_4)
FNF:5
FNH:5
FNDA:33,validateResponse
FNDA:14,(anonymous_1)
FNDA:33,(anonymous_2)
FNDA:33,(anonymous_3)
FNDA:24,(anonymous_4)
DA:29,1
DA:30,1
DA:65,33
DA:66,33
DA:67,33
DA:68,13
DA:71,20
DA:74,20
DA:75,7
DA:76,13
DA:77,4
DA:81,33
DA:87,1
DA:92,14
DA:93,14
DA:94,14
DA:95,14
DA:96,14
DA:97,14
DA:99,14
DA:100,14
DA:102,14
DA:103,9
DA:104,9
DA:107,14
DA:108,3
DA:109,3
DA:110,3
DA:111,2
DA:112,2
DA:116,14
DA:118,1
DA:120,1
DA:121,1
DA:122,1
DA:126,14
DA:128,12
DA:129,33
DA:130,33
DA:132,12
DA:134,10
DA:135,10
DA:136,24
DA:139,10
DA:149,1
LF:45
LH:45
BRDA:66,0,0,0
BRDA:66,0,1,33
BRDA:66,1,0,33
BRDA:66,1,1,33
BRDA:67,2,0,13
BRDA:67,2,1,20
BRDA:71,3,0,20
BRDA:71,3,1,8
BRDA:71,4,0,3
BRDA:71,4,1,17
BRDA:71,5,0,20
BRDA:71,5,1,20
BRDA:71,6,0,0
BRDA:71,6,1,20
BRDA:71,7,0,20
BRDA:71,7,1,20
BRDA:72,8,0,3
BRDA:72,8,1,5
BRDA:72,9,0,8
BRDA:72,9,1,8
BRDA:72,10,0,0
BRDA:72,10,1,8
BRDA:72,11,0,8
BRDA:72,11,1,8
BRDA:74,12,0,7
BRDA:74,12,1,13
BRDA:76,13,0,4
BRDA:76,14,0,13
BRDA:76,14,1,12
BRDA:81,15,0,24
BRDA:81,15,1,9
BRDA:92,16,0,1
BRDA:93,17,0,0
BRDA:93,17,1,14
BRDA:93,18,0,14
BRDA:93,18,1,14
BRDA:93,19,0,0
BRDA:93,19,1,14
BRDA:93,20,0,14
BRDA:93,20,1,14
BRDA:94,21,0,14
BRDA:94,21,1,14
BRDA:95,22,0,14
BRDA:95,22,1,0
BRDA:95,23,0,0
BRDA:95,23,1,14
BRDA:95,24,0,14
BRDA:95,24,1,14
BRDA:97,25,0,0
BRDA:97,25,1,14
BRDA:97,26,0,14
BRDA:97,26,1,14
BRDA:102,27,0,9
BRDA:107,28,0,3
BRDA:108,29,0,3
BRDA:108,29,1,3
BRDA:109,30,0,3
BRDA:109,30,1,3
BRDA:110,31,0,2
BRDA:110,32,0,3
BRDA:110,32,1,1
BRDA:110,32,2,0
BRDA:110,32,3,0
BRDA:116,33,0,1
BRDA:118,34,0,1
BRDA:118,34,1,1
BRDA:118,34,2,1
BRDA:118,34,3,1
BRDA:120,35,0,1
BRDA:126,36,0,2
BRDA:132,37,0,2
BRDA:134,38,0,10
BRDA:134,38,1,0
BRF:73
BRH:62
end_of_record
