TN:
SF:functions/has-required-problem-details-error-responses.js
FN:29,validateResponse
FN:49,validateCommonErrorResponses
FN:85,(anonymous_2)
FN:92,(anonymous_3)
FNF:4
FNH:4
FNDA:19,validateResponse
FNDA:9,validateCommonErrorResponses
FNDA:19,(anonymous_2)
FNDA:8,(anonymous_3)
DA:23,1
DA:24,1
DA:30,19
DA:31,19
DA:32,19
DA:33,4
DA:35,15
DA:37,15
DA:38,3
DA:39,12
DA:40,1
DA:43,19
DA:50,9
DA:51,9
DA:52,9
DA:53,9
DA:54,9
DA:55,9
DA:57,9
DA:58,9
DA:60,9
DA:61,5
DA:62,5
DA:65,9
DA:66,3
DA:67,2
DA:68,2
DA:72,9
DA:74,0
DA:76,0
DA:77,0
DA:78,0
DA:82,9
DA:84,7
DA:85,19
DA:88,7
DA:90,5
DA:91,5
DA:92,8
DA:95,5
LF:40
LH:36
BRDA:32,0,0,4
BRDA:32,0,1,15
BRDA:35,1,0,15
BRDA:35,1,1,6
BRDA:37,2,0,3
BRDA:37,2,1,12
BRDA:39,3,0,1
BRDA:39,3,1,11
BRDA:39,4,0,12
BRDA:39,4,1,12
BRDA:43,5,0,8
BRDA:43,5,1,11
BRDA:50,6,0,0
BRDA:52,7,0,9
BRDA:52,7,1,9
BRDA:53,8,0,9
BRDA:53,8,1,0
BRDA:60,9,0,5
BRDA:60,9,1,4
BRDA:65,10,0,3
BRDA:65,10,1,6
BRDA:66,11,0,2
BRDA:66,11,1,1
BRDA:66,12,0,3
BRDA:66,12,1,3
BRDA:66,12,2,1
BRDA:66,12,3,1
BRDA:72,13,0,0
BRDA:72,13,1,9
BRDA:74,14,0,0
BRDA:74,14,1,0
BRDA:74,14,2,0
BRDA:74,14,3,0
BRDA:76,15,0,0
BRDA:76,15,1,0
BRDA:82,16,0,2
BRDA:82,16,1,7
BRDA:88,17,0,2
BRDA:88,17,1,5
BRDA:90,18,0,5
BRDA:90,18,1,0
BRF:41
BRH:31
end_of_record
TN:
SF:functions/is-api-info-json-schema.js
FN:43,(anonymous_0)
FN:65,(anonymous_1)
FN:87,(anonymous_2)
FN:97,(anonymous_3)
FNF:4
FNH:4
FNDA:9,(anonymous_0)
FNDA:20,(anonymous_1)
FNDA:9,(anonymous_2)
FNDA:10,(anonymous_3)
DA:43,1
DA:45,9
DA:47,9
DA:48,1
DA:51,9
DA:52,9
DA:53,2
DA:56,9
DA:57,9
DA:59,9
DA:60,8
DA:63,9
DA:64,9
DA:65,20
DA:66,5
DA:69,9
DA:70,9
DA:71,3
DA:74,9
DA:75,9
DA:76,3
DA:79,9
DA:80,9
DA:81,3
DA:84,9
DA:87,1
DA:88,9
DA:90,9
DA:91,0
DA:93,9
DA:98,10
DA:99,1
DA:102,9
DA:103,9
DA:105,0
LF:35
LH:33
BRDA:47,0,0,1
BRDA:47,0,1,8
BRDA:51,1,0,9
BRDA:51,1,1,1
BRDA:51,2,0,9
BRDA:51,2,1,1
BRDA:52,3,0,2
BRDA:52,3,1,7
BRDA:56,4,0,9
BRDA:56,4,1,2
BRDA:56,5,0,9
BRDA:56,5,1,1
BRDA:59,6,0,8
BRDA:59,6,1,1
BRDA:59,7,0,9
BRDA:59,7,1,7
BRDA:63,8,0,9
BRDA:63,8,1,2
BRDA:63,9,0,9
BRDA:63,9,1,1
BRDA:65,10,0,5
BRDA:65,10,1,4
BRDA:65,11,0,9
BRDA:65,11,1,7
BRDA:65,11,2,6
BRDA:69,12,0,9
BRDA:69,12,1,2
BRDA:69,13,0,9
BRDA:69,13,1,1
BRDA:70,14,0,3
BRDA:70,14,1,6
BRDA:70,15,0,9
BRDA:70,15,1,7
BRDA:74,16,0,9
BRDA:74,16,1,2
BRDA:74,17,0,9
BRDA:74,17,1,1
BRDA:75,18,0,3
BRDA:75,18,1,6
BRDA:75,19,0,9
BRDA:75,19,1,7
BRDA:79,20,0,9
BRDA:79,20,1,2
BRDA:79,21,0,9
BRDA:79,21,1,1
BRDA:80,22,0,3
BRDA:80,22,1,6
BRDA:80,23,0,9
BRDA:80,23,1,7
BRDA:88,24,0,9
BRDA:88,24,1,9
BRDA:88,25,0,9
BRDA:88,25,1,9
BRDA:88,26,0,9
BRDA:88,26,1,9
BRDA:90,27,0,0
BRDA:90,27,1,9
BRDA:98,28,0,1
BRDA:98,28,1,9
BRDA:98,29,0,10
BRDA:98,29,1,9
BRDA:107,30,0,0
BRDA:107,30,1,0
BRF:63
BRH:60
end_of_record
TN:
SF:functions/is-problem-json-schema.js
FN:22,(anonymous_0)
FN:57,(anonymous_1)
FN:67,(anonymous_2)
FNF:3
FNH:3
FNDA:7,(anonymous_0)
FNDA:9,(anonymous_1)
FNDA:8,(anonymous_2)
DA:22,1
DA:23,7
DA:25,7
DA:26,1
DA:29,7
DA:30,7
DA:31,4
DA:34,7
DA:35,7
DA:36,2
DA:39,7
DA:40,7
DA:41,3
DA:44,7
DA:45,7
DA:46,3
DA:49,7
DA:50,7
DA:51,3
DA:54,7
DA:57,1
DA:58,9
DA:60,8
DA:61,1
DA:63,7
DA:68,8
DA:69,0
DA:72,8
DA:73,8
DA:75,1
LF:30
LH:29
BRDA:25,0,0,1
BRDA:25,0,1,6
BRDA:29,1,0,7
BRDA:29,1,1,2
BRDA:29,2,0,7
BRDA:29,2,1,1
BRDA:30,3,0,4
BRDA:30,3,1,3
BRDA:30,4,0,7
BRDA:30,4,1,5
BRDA:34,5,0,7
BRDA:34,5,1,2
BRDA:34,6,0,7
BRDA:34,6,1,1
BRDA:35,7,0,2
BRDA:35,7,1,5
BRDA:39,8,0,7
BRDA:39,8,1,2
BRDA:39,9,0,7
BRDA:39,9,1,1
BRDA:40,10,0,3
BRDA:40,10,1,4
BRDA:40,11,0,7
BRDA:40,11,1,4
BRDA:44,12,0,7
BRDA:44,12,1,2
BRDA:44,13,0,7
BRDA:44,13,1,1
BRDA:45,14,0,3
BRDA:45,14,1,4
BRDA:49,15,0,7
BRDA:49,15,1,2
BRDA:49,16,0,7
BRDA:49,16,1,1
BRDA:50,17,0,3
BRDA:50,17,1,4
BRDA:58,18,0,9
BRDA:58,18,1,7
BRDA:58,19,0,8
BRDA:58,19,1,8
BRDA:58,20,0,8
BRDA:58,20,1,8
BRDA:60,21,0,1
BRDA:60,21,1,7
BRDA:68,22,0,0
BRDA:68,22,1,8
BRDA:68,23,0,8
BRDA:68,23,1,8
BRDA:77,24,0,1
BRDA:77,24,1,0
BRF:50
BRH:48
end_of_record
